<?xml version="1.0" encoding="UTF-8"?>
<testng-results ignored="0" total="1" passed="1" failed="0" skipped="0">
  <reporter-output>
  </reporter-output>
  <suite started-at="2026-01-05T11:40:19 IST" name="Default suite" finished-at="2026-01-05T11:40:20 IST" duration-ms="804">
    <groups>
    </groups>
    <test started-at="2026-01-05T11:40:19 IST" name="Default test" finished-at="2026-01-05T11:40:20 IST" duration-ms="804">
      <class name="academy.testobjects.dataDrivenTestNG">
        <test-method signature="getData()[pri:0, instance:academy.testobjects.dataDrivenTestNG@3646a422]" started-at="2026-01-05T11:40:19 IST" name="getData" finished-at="2026-01-05T11:40:20 IST" duration-ms="761" status="PASS">
          <reporter-output>
          </reporter-output>
        </test-method> <!-- getData -->
      </class> <!-- academy.testobjects.dataDrivenTestNG -->
    </test> <!-- Default test -->
  </suite> <!-- Default suite -->
</testng-results>
